<?xml version="1.0" encoding="UTF-8"?>
<!-- Generated by org.testng.reporters.JUnitReportReporter -->
<testsuite hostname="DESKTOP-19C55OA" failures="0" tests="1" name="frameworkscript.TrelloCreateAndDeleteTheBoard" time="12.298" errors="0" timestamp="2024-04-28T13:32:03 IST" skipped="0">
  <testcase classname="frameworkscript.TrelloCreateAndDeleteTheBoard" name="checkWhetherTheEndUserCanLogin_CreateTheBoard_DeleteTheBoard_LogoutFromTrello" time="12.298"/>
  <system-out/>
</testsuite> <!-- frameworkscript.TrelloCreateAndDeleteTheBoard -->
